{"name": "Logo presence on google home page", "status": "broken", "statusDetails": {"message": "selenium.common.exceptions.NoSuchElementException: Message: no such element: Unable to locate element: {\"method\":\"xpath\",\"selector\":\"//img[@alt='Google']\"}\n  (Session info: chrome=128.0.6613.114); For documentation on this error, please visit: https://www.selenium.dev/documentation/webdriver/troubleshooting/errors#no-such-element-exception\nStacktrace:\n\tGetHandleVerifier [0x00007FF643F3B632+29090]\n\t(No symbol) [0x00007FF643EAE6E9]\n\t(No symbol) [0x00007FF643D6B1CA]\n\t(No symbol) [0x00007FF643DBEFD7]\n\t(No symbol) [0x00007FF643DBF22C]\n\t(No symbol) [0x00007FF643E097F7]\n\t(No symbol) [0x00007FF643DE672F]\n\t(No symbol) [0x00007FF643E065D9]\n\t(No symbol) [0x00007FF643DE6493]\n\t(No symbol) [0x00007FF643DB09B1]\n\t(No symbol) [0x00007FF643DB1B11]\n\tGetHandleVerifier [0x00007FF64425883D+3294125]\n\tGetHandleVerifier [0x00007FF6442A4423+3604371]\n\tGetHandleVerifier [0x00007FF64429A2E7+3563095]\n\tGetHandleVerifier [0x00007FF643FF6F16+797318]\n\t(No symbol) [0x00007FF643EB986F]\n\t(No symbol) [0x00007FF643EB5454]\n\t(No symbol) [0x00007FF643EB55E0]\n\t(No symbol) [0x00007FF643EA4A7F]\n\tBaseThreadInitThunk [0x00007FFB8DA77344+20]\n\tRtlUserThreadStart [0x00007FFB8F4C26B1+33]\n\n", "trace": "  File \"C:\\Users\\Md Zaid Siddique\\AppData\\Local\\Programs\\Python\\Python312\\Lib\\site-packages\\behave\\model.py\", line 1329, in run\n    match.run(runner.context)\n  File \"C:\\Users\\Md Zaid Siddique\\AppData\\Local\\Programs\\Python\\Python312\\Lib\\site-packages\\behave\\matchers.py\", line 98, in run\n    self.func(context, *args, **kwargs)\n  File \"features\\steps\\01_basic.py\", line 18, in logo_verification\n    logo_status = context.driver.find_element(By.XPATH, \"//img[@alt='Google']\").is_displayed()\n                  ^^^^^^^^^^^^^^^^^^^^^^^^^^^^^^^^^^^^^^^^^^^^^^^^^^^^^^^^^^^^^\n  File \"C:\\Users\\Md Zaid Siddique\\AppData\\Local\\Programs\\Python\\Python312\\Lib\\site-packages\\selenium\\webdriver\\remote\\webdriver.py\", line 748, in find_element\n    return self.execute(Command.FIND_ELEMENT, {\"using\": by, \"value\": value})[\"value\"]\n           ^^^^^^^^^^^^^^^^^^^^^^^^^^^^^^^^^^^^^^^^^^^^^^^^^^^^^^^^^^^^^^^^^\n  File \"C:\\Users\\Md Zaid Siddique\\AppData\\Local\\Programs\\Python\\Python312\\Lib\\site-packages\\selenium\\webdriver\\remote\\webdriver.py\", line 354, in execute\n    self.error_handler.check_response(response)\n  File \"C:\\Users\\Md Zaid Siddique\\AppData\\Local\\Programs\\Python\\Python312\\Lib\\site-packages\\selenium\\webdriver\\remote\\errorhandler.py\", line 229, in check_response\n    raise exception_class(message, screen, stacktrace)\n"}, "steps": [{"name": "Given launch Chrome browser", "status": "passed", "start": 1724989491747, "stop": 1724989495097}, {"name": "When open google home page", "status": "passed", "start": 1724989495098, "stop": 1724989497099}, {"name": "Then verify that the logo present on page", "status": "broken", "statusDetails": {"message": "selenium.common.exceptions.NoSuchElementException: Message: no such element: Unable to locate element: {\"method\":\"xpath\",\"selector\":\"//img[@alt='Google']\"}\n  (Session info: chrome=128.0.6613.114); For documentation on this error, please visit: https://www.selenium.dev/documentation/webdriver/troubleshooting/errors#no-such-element-exception\nStacktrace:\n\tGetHandleVerifier [0x00007FF643F3B632+29090]\n\t(No symbol) [0x00007FF643EAE6E9]\n\t(No symbol) [0x00007FF643D6B1CA]\n\t(No symbol) [0x00007FF643DBEFD7]\n\t(No symbol) [0x00007FF643DBF22C]\n\t(No symbol) [0x00007FF643E097F7]\n\t(No symbol) [0x00007FF643DE672F]\n\t(No symbol) [0x00007FF643E065D9]\n\t(No symbol) [0x00007FF643DE6493]\n\t(No symbol) [0x00007FF643DB09B1]\n\t(No symbol) [0x00007FF643DB1B11]\n\tGetHandleVerifier [0x00007FF64425883D+3294125]\n\tGetHandleVerifier [0x00007FF6442A4423+3604371]\n\tGetHandleVerifier [0x00007FF64429A2E7+3563095]\n\tGetHandleVerifier [0x00007FF643FF6F16+797318]\n\t(No symbol) [0x00007FF643EB986F]\n\t(No symbol) [0x00007FF643EB5454]\n\t(No symbol) [0x00007FF643EB55E0]\n\t(No symbol) [0x00007FF643EA4A7F]\n\tBaseThreadInitThunk [0x00007FFB8DA77344+20]\n\tRtlUserThreadStart [0x00007FFB8F4C26B1+33]\n\n", "trace": "  File \"C:\\Users\\Md Zaid Siddique\\AppData\\Local\\Programs\\Python\\Python312\\Lib\\site-packages\\behave\\model.py\", line 1329, in run\n    match.run(runner.context)\n  File \"C:\\Users\\Md Zaid Siddique\\AppData\\Local\\Programs\\Python\\Python312\\Lib\\site-packages\\behave\\matchers.py\", line 98, in run\n    self.func(context, *args, **kwargs)\n  File \"features\\steps\\01_basic.py\", line 18, in logo_verification\n    logo_status = context.driver.find_element(By.XPATH, \"//img[@alt='Google']\").is_displayed()\n                  ^^^^^^^^^^^^^^^^^^^^^^^^^^^^^^^^^^^^^^^^^^^^^^^^^^^^^^^^^^^^^\n  File \"C:\\Users\\Md Zaid Siddique\\AppData\\Local\\Programs\\Python\\Python312\\Lib\\site-packages\\selenium\\webdriver\\remote\\webdriver.py\", line 748, in find_element\n    return self.execute(Command.FIND_ELEMENT, {\"using\": by, \"value\": value})[\"value\"]\n           ^^^^^^^^^^^^^^^^^^^^^^^^^^^^^^^^^^^^^^^^^^^^^^^^^^^^^^^^^^^^^^^^^\n  File \"C:\\Users\\Md Zaid Siddique\\AppData\\Local\\Programs\\Python\\Python312\\Lib\\site-packages\\selenium\\webdriver\\remote\\webdriver.py\", line 354, in execute\n    self.error_handler.check_response(response)\n  File \"C:\\Users\\Md Zaid Siddique\\AppData\\Local\\Programs\\Python\\Python312\\Lib\\site-packages\\selenium\\webdriver\\remote\\errorhandler.py\", line 229, in check_response\n    raise exception_class(message, screen, stacktrace)\n"}, "start": 1724989497099, "stop": 1724989507238}, {"name": "And close the browser", "status": "skipped", "start": 1724989507241, "stop": 1724989507241}], "start": 1724989491747, "stop": 1724989507241, "uuid": "cdace54f-549a-4e25-a804-b6b7aed51042", "historyId": "66fe02385e545660fbfc2e167033a976", "fullName": "Google homepage logo validation: Logo presence on google home page", "labels": [{"name": "severity", "value": "normal"}, {"name": "feature", "value": "Google homepage logo validation"}, {"name": "framework", "value": "behave"}, {"name": "language", "value": "cpython3"}]}